Using TensorFlow backend.
/phys/linux/gcowan1/software/my_env/lib/python2.7/site-packages/sklearn/cross_validation.py:44: DeprecationWarning: This module was deprecated in version 0.18 in favor of the model_selection module into which all the refactored classes and functions are moved. Also note that the interface of the new CV iterators are different from that of this module. This module will be removed in 0.20.
  "This module will be removed in 0.20.", DeprecationWarning)
/phys/linux/gcowan1/software/my_env/lib/python2.7/site-packages/sklearn/grid_search.py:43: DeprecationWarning: This module was deprecated in version 0.18 in favor of the model_selection module into which all the refactored classes and functions are moved. This module will be removed in 0.20.
  DeprecationWarning)
/cvmfs/sft.cern.ch/lcg/releases/LCG_85swan2/root_numpy/4.5.1/x86_64-slc6-gcc49-opt/lib/python2.7/site-packages/root_numpy-4.5.1-py2.7-linux-x86_64.egg/root_numpy/_tree.py:372: RuntimeWarning: ignoring duplicate branch named 'i'
  cache_size)
/cvmfs/sft.cern.ch/lcg/releases/LCG_85swan2/root_numpy/4.5.1/x86_64-slc6-gcc49-opt/lib/python2.7/site-packages/root_numpy-4.5.1-py2.7-linux-x86_64.egg/root_numpy/_tree.py:372: RuntimeWarning: ignoring duplicate branch named 'neutrinoE'
  cache_size)
/cvmfs/sft.cern.ch/lcg/releases/LCG_85swan2/root_numpy/4.5.1/x86_64-slc6-gcc49-opt/lib/python2.7/site-packages/root_numpy-4.5.1-py2.7-linux-x86_64.egg/root_numpy/_tree.py:372: RuntimeWarning: ignoring duplicate branch named 'trueKE'
  cache_size)
/cvmfs/sft.cern.ch/lcg/releases/LCG_85swan2/root_numpy/4.5.1/x86_64-slc6-gcc49-opt/lib/python2.7/site-packages/root_numpy-4.5.1-py2.7-linux-x86_64.egg/root_numpy/_tree.py:372: RuntimeWarning: ignoring duplicate branch named 'recoE_lookup'
  cache_size)
/cvmfs/sft.cern.ch/lcg/releases/LCG_85swan2/root_numpy/4.5.1/x86_64-slc6-gcc49-opt/lib/python2.7/site-packages/root_numpy-4.5.1-py2.7-linux-x86_64.egg/root_numpy/_tree.py:372: RuntimeWarning: ignoring duplicate branch named 'total_PMTs_hits2'
  cache_size)
/cvmfs/sft.cern.ch/lcg/releases/LCG_85swan2/root_numpy/4.5.1/x86_64-slc6-gcc49-opt/lib/python2.7/site-packages/root_numpy-4.5.1-py2.7-linux-x86_64.egg/root_numpy/_tree.py:372: RuntimeWarning: ignoring duplicate branch named 'total_hits2'
  cache_size)
/cvmfs/sft.cern.ch/lcg/releases/LCG_85swan2/root_numpy/4.5.1/x86_64-slc6-gcc49-opt/lib/python2.7/site-packages/root_numpy-4.5.1-py2.7-linux-x86_64.egg/root_numpy/_tree.py:372: RuntimeWarning: ignoring duplicate branch named 'total_ring_PEs2'
  cache_size)
/cvmfs/sft.cern.ch/lcg/releases/LCG_85swan2/root_numpy/4.5.1/x86_64-slc6-gcc49-opt/lib/python2.7/site-packages/root_numpy-4.5.1-py2.7-linux-x86_64.egg/root_numpy/_tree.py:372: RuntimeWarning: ignoring duplicate branch named 'pot_length2'
  cache_size)
/cvmfs/sft.cern.ch/lcg/releases/LCG_85swan2/root_numpy/4.5.1/x86_64-slc6-gcc49-opt/lib/python2.7/site-packages/root_numpy-4.5.1-py2.7-linux-x86_64.egg/root_numpy/_tree.py:372: RuntimeWarning: ignoring duplicate branch named 'hits_pot_length2'
  cache_size)
/cvmfs/sft.cern.ch/lcg/releases/LCG_85swan2/root_numpy/4.5.1/x86_64-slc6-gcc49-opt/lib/python2.7/site-packages/root_numpy-4.5.1-py2.7-linux-x86_64.egg/root_numpy/_tree.py:372: RuntimeWarning: ignoring duplicate branch named 'recoDWallR2'
  cache_size)
/cvmfs/sft.cern.ch/lcg/releases/LCG_85swan2/root_numpy/4.5.1/x86_64-slc6-gcc49-opt/lib/python2.7/site-packages/root_numpy-4.5.1-py2.7-linux-x86_64.egg/root_numpy/_tree.py:372: RuntimeWarning: ignoring duplicate branch named 'recoDWallZ2'
  cache_size)
/cvmfs/sft.cern.ch/lcg/releases/LCG_85swan2/root_numpy/4.5.1/x86_64-slc6-gcc49-opt/lib/python2.7/site-packages/root_numpy-4.5.1-py2.7-linux-x86_64.egg/root_numpy/_tree.py:372: RuntimeWarning: ignoring duplicate branch named 'lambda_max_2'
  cache_size)
/cvmfs/sft.cern.ch/lcg/releases/LCG_85swan2/root_numpy/4.5.1/x86_64-slc6-gcc49-opt/lib/python2.7/site-packages/root_numpy-4.5.1-py2.7-linux-x86_64.egg/root_numpy/_tree.py:372: RuntimeWarning: ignoring duplicate branch named 'recoDWall_2'
  cache_size)
/cvmfs/sft.cern.ch/lcg/releases/LCG_85swan2/root_numpy/4.5.1/x86_64-slc6-gcc49-opt/lib/python2.7/site-packages/root_numpy-4.5.1-py2.7-linux-x86_64.egg/root_numpy/_tree.py:372: RuntimeWarning: ignoring duplicate branch named 'recoToWall_2'
  cache_size)
/cvmfs/sft.cern.ch/lcg/releases/LCG_85swan2/root_numpy/4.5.1/x86_64-slc6-gcc49-opt/lib/python2.7/site-packages/root_numpy-4.5.1-py2.7-linux-x86_64.egg/root_numpy/_tree.py:372: RuntimeWarning: ignoring duplicate branch named 'vtxTrackBias_2'
  cache_size)
W tensorflow/core/platform/cpu_feature_guard.cc:45] The TensorFlow library wasn't compiled to use SSE3 instructions, but these are available on your machine and could speed up CPU computations.
W tensorflow/core/platform/cpu_feature_guard.cc:45] The TensorFlow library wasn't compiled to use SSE4.1 instructions, but these are available on your machine and could speed up CPU computations.
W tensorflow/core/platform/cpu_feature_guard.cc:45] The TensorFlow library wasn't compiled to use SSE4.2 instructions, but these are available on your machine and could speed up CPU computations.
W tensorflow/core/platform/cpu_feature_guard.cc:45] The TensorFlow library wasn't compiled to use AVX instructions, but these are available on your machine and could speed up CPU computations.
W tensorflow/core/platform/cpu_feature_guard.cc:45] The TensorFlow library wasn't compiled to use AVX2 instructions, but these are available on your machine and could speed up CPU computations.
W tensorflow/core/platform/cpu_feature_guard.cc:45] The TensorFlow library wasn't compiled to use FMA instructions, but these are available on your machine and could speed up CPU computations.
